<?xml version="1.0" encoding="UTF-8"?>
<testng-results ignored="0" total="1" passed="1" failed="0" skipped="0">
  <reporter-output>
  </reporter-output>
  <suite started-at="2022-12-04T23:33:54Z" name="Suite" finished-at="2022-12-04T23:34:00Z" duration-ms="6237">
    <groups>
    </groups>
    <test started-at="2022-12-04T23:33:54Z" name="Test" finished-at="2022-12-04T23:34:00Z" duration-ms="6237">
      <class name="maventhree.Redfin_Login">
        <test-method signature="launchUrl(java.lang.String, java.lang.String)[pri:0, instance:maventhree.Redfin_Login@1bae316d]" started-at="2022-12-04T23:33:54Z" name="launchUrl" finished-at="2022-12-04T23:34:00Z" duration-ms="6222" status="PASS">
          <params>
            <param index="0">
              <value>
                <![CDATA[zuly0903@gmail.com]]>
              </value>
            </param>
            <param index="1">
              <value>
                <![CDATA[Zulidili0129/]]>
              </value>
            </param>
          </params>
          <reporter-output>
          </reporter-output>
        </test-method> <!-- launchUrl -->
      </class> <!-- maventhree.Redfin_Login -->
    </test> <!-- Test -->
  </suite> <!-- Suite -->
</testng-results>
